<?xml version="1.0" encoding="UTF-8"?>
<!-- Generated by org.testng.reporters.JUnitXMLReporter -->
<testsuite ignored="6" hostname="ip-192-168-0-141.ap-south-1.compute.internal" failures="1" tests="12" name="Test" time="97.055" errors="0" timestamp="2026-06-18T15:35:42 IST">
  <testcase classname="com.test.LoginTest" name="loginWithValidUsernameAndValidPassowrd" time="13.128"/>
  <testcase classname="com.test.HomePageTest" name="LoginPageRedirection" time="0.008"/>
  <testcase classname="com.test.HomePageTest" name="DashboardTextVisibleOrNot" time="4.457"/>
  <testcase classname="com.test.HomePageTest" name="HelplinkVisibilityStatus" time="0.037"/>
  <testcase classname="com.test.HomePageTest" name="UpgradeButtonStatus" time="0.023"/>
  <testcase classname="com.test.HomePageTest" name="ProfileVisibilityStatus" time="0.014"/>
  <testcase classname="com.test.HomePageTest" name="MenuButtonVisibilityStatus" time="0.018"/>
  <testcase classname="com.test.HomePageTest" name="HideTheMenu" time="0.044"/>
  <testcase classname="com.test.HomePageTest" name="ShowMenu" time="0.039"/>
  <testcase classname="com.test.AdminPageTest" name="addUserFlow" time="29.229"/>
  <testcase classname="com.test.PIMPageTest" name="SearchEmployee" time="41.312"/>
  <testcase classname="com.test.PIMPageTest" name="AddEmployee" time="8.492">
    <failure type="java.lang.NullPointerException" message="Cannot invoke &amp;quot;com.waits.ExplicitWaitActions.waitForElementToBePresent(org.openqa.selenium.WebElement, String)&amp;quot; because &amp;quot;this.explicitwaitActions&amp;quot; is null">
      <![CDATA[java.lang.NullPointerException: Cannot invoke "com.waits.ExplicitWaitActions.waitForElementToBePresent(org.openqa.selenium.WebElement, String)" because "this.explicitwaitActions" is null
at com.test.PIMPageTest.AddEmployee(PIMPageTest.java:56)
at java.base/java.util.ArrayList.forEach(ArrayList.java:1596)
... Removed 25 stack frames]]>
    </failure>
  </testcase> <!-- AddEmployee -->
  <testcase classname="com.base.BaseTest" name="@BeforeSuite setUP" time="0.0">
    <ignored/>
  </testcase> <!-- @BeforeSuite setUP -->
  <testcase classname="com.base.BaseTest" name="@AfterSuite tearDown" time="0.0">
    <ignored/>
  </testcase> <!-- @AfterSuite tearDown -->
  <testcase classname="com.base.BaseTest" name="@AfterSuite tearDown" time="0.0">
    <ignored/>
  </testcase> <!-- @AfterSuite tearDown -->
  <testcase classname="com.base.BaseTest" name="@BeforeSuite setUP" time="0.0">
    <ignored/>
  </testcase> <!-- @BeforeSuite setUP -->
  <testcase classname="com.base.BaseTest" name="@AfterSuite tearDown" time="0.0">
    <ignored/>
  </testcase> <!-- @AfterSuite tearDown -->
  <testcase classname="com.base.BaseTest" name="@BeforeSuite setUP" time="0.0">
    <ignored/>
  </testcase> <!-- @BeforeSuite setUP -->
</testsuite> <!-- Test -->
