<?xml version="1.0" encoding="UTF-8"?>
<!-- Generated by org.testng.reporters.JUnitXMLReporter -->
<testsuite ignored="3" hostname="ip-10-5-49-33.ap-south-1.compute.internal" failures="0" tests="11" name="Test" time="16.007" errors="0" timestamp="2026-06-09T18:38:51 IST">
  <testcase classname="com.test.LoginTest" name="loginWithValidUsernameAndValidPassowrd" time="1.833"/>
  <testcase classname="com.test.HomePageTest" name="LoginPageRedirection" time="0.006"/>
  <testcase classname="com.test.HomePageTest" name="DashboardTextVisibleOrNot" time="0.315"/>
  <testcase classname="com.test.HomePageTest" name="HelplinkVisibilityStatus" time="0.013"/>
  <testcase classname="com.test.HomePageTest" name="UpgradeButtonStatus" time="0.011"/>
  <testcase classname="com.test.HomePageTest" name="ProfileVisibilityStatus" time="0.012"/>
  <testcase classname="com.test.HomePageTest" name="MenuButtonVisibilityStatus" time="0.015"/>
  <testcase classname="com.test.HomePageTest" name="HideTheMenu" time="0.031"/>
  <testcase classname="com.test.HomePageTest" name="ShowMenu" time="0.031"/>
  <testcase classname="com.test.AdminPageTest" name="addUserFlow" time="5.748"/>
  <testcase classname="com.test.PIMPageTest" name="SearchEmployee" time="7.845"/>
  <testcase classname="com.base.BaseTest" name="@BeforeSuite setUP" time="0.0">
    <ignored/>
  </testcase> <!-- @BeforeSuite setUP -->
  <testcase classname="com.base.BaseTest" name="@BeforeSuite setUP" time="0.0">
    <ignored/>
  </testcase> <!-- @BeforeSuite setUP -->
  <testcase classname="com.base.BaseTest" name="@BeforeSuite setUP" time="0.0">
    <ignored/>
  </testcase> <!-- @BeforeSuite setUP -->
</testsuite> <!-- Test -->
