<?xml version="1.0" encoding="UTF-8"?>
<testng-results ignored="0" total="12" passed="11" failed="1" skipped="0">
  <reporter-output>
  </reporter-output>
  <suite started-at="2026-06-18T15:34:04 IST" name="Suite" finished-at="2026-06-18T15:35:41 IST" duration-ms="97055">
    <groups>
    </groups>
    <test started-at="2026-06-18T15:34:04 IST" name="Test" finished-at="2026-06-18T15:35:41 IST" duration-ms="97055">
      <class name="com.test.HomePageTest">
        <test-method is-config="true" signature="setupPage()[pri:0, instance:com.test.HomePageTest@6cc558c6]" started-at="2026-06-18T15:34:18 IST" name="setupPage" finished-at="2026-06-18T15:34:18 IST" duration-ms="8" status="PASS">
          <reporter-output>
          </reporter-output>
        </test-method> <!-- setupPage -->
        <test-method signature="LoginPageRedirection()[pri:1, instance:com.test.HomePageTest@6cc558c6]" started-at="2026-06-18T15:34:18 IST" name="LoginPageRedirection" finished-at="2026-06-18T15:34:18 IST" duration-ms="8" status="PASS">
          <reporter-output>
          </reporter-output>
        </test-method> <!-- LoginPageRedirection -->
        <test-method is-config="true" signature="setupPage()[pri:0, instance:com.test.HomePageTest@6cc558c6]" started-at="2026-06-18T15:34:18 IST" name="setupPage" finished-at="2026-06-18T15:34:18 IST" duration-ms="3" status="PASS">
          <reporter-output>
          </reporter-output>
        </test-method> <!-- setupPage -->
        <test-method signature="DashboardTextVisibleOrNot()[pri:2, instance:com.test.HomePageTest@6cc558c6]" started-at="2026-06-18T15:34:18 IST" name="DashboardTextVisibleOrNot" finished-at="2026-06-18T15:34:22 IST" duration-ms="4457" status="PASS">
          <reporter-output>
          </reporter-output>
        </test-method> <!-- DashboardTextVisibleOrNot -->
        <test-method is-config="true" signature="setupPage()[pri:0, instance:com.test.HomePageTest@6cc558c6]" started-at="2026-06-18T15:34:22 IST" name="setupPage" finished-at="2026-06-18T15:34:22 IST" duration-ms="12" status="PASS">
          <reporter-output>
          </reporter-output>
        </test-method> <!-- setupPage -->
        <test-method signature="HelplinkVisibilityStatus()[pri:3, instance:com.test.HomePageTest@6cc558c6]" started-at="2026-06-18T15:34:22 IST" name="HelplinkVisibilityStatus" finished-at="2026-06-18T15:34:22 IST" duration-ms="37" status="PASS">
          <reporter-output>
          </reporter-output>
        </test-method> <!-- HelplinkVisibilityStatus -->
        <test-method is-config="true" signature="setupPage()[pri:0, instance:com.test.HomePageTest@6cc558c6]" started-at="2026-06-18T15:34:22 IST" name="setupPage" finished-at="2026-06-18T15:34:22 IST" duration-ms="7" status="PASS">
          <reporter-output>
          </reporter-output>
        </test-method> <!-- setupPage -->
        <test-method signature="UpgradeButtonStatus()[pri:4, instance:com.test.HomePageTest@6cc558c6]" started-at="2026-06-18T15:34:22 IST" name="UpgradeButtonStatus" finished-at="2026-06-18T15:34:22 IST" duration-ms="23" status="PASS">
          <reporter-output>
          </reporter-output>
        </test-method> <!-- UpgradeButtonStatus -->
        <test-method is-config="true" signature="setupPage()[pri:0, instance:com.test.HomePageTest@6cc558c6]" started-at="2026-06-18T15:34:22 IST" name="setupPage" finished-at="2026-06-18T15:34:22 IST" duration-ms="5" status="PASS">
          <reporter-output>
          </reporter-output>
        </test-method> <!-- setupPage -->
        <test-method signature="ProfileVisibilityStatus()[pri:5, instance:com.test.HomePageTest@6cc558c6]" started-at="2026-06-18T15:34:22 IST" name="ProfileVisibilityStatus" finished-at="2026-06-18T15:34:22 IST" duration-ms="14" status="PASS">
          <reporter-output>
          </reporter-output>
        </test-method> <!-- ProfileVisibilityStatus -->
        <test-method is-config="true" signature="setupPage()[pri:0, instance:com.test.HomePageTest@6cc558c6]" started-at="2026-06-18T15:34:22 IST" name="setupPage" finished-at="2026-06-18T15:34:22 IST" duration-ms="5" status="PASS">
          <reporter-output>
          </reporter-output>
        </test-method> <!-- setupPage -->
        <test-method signature="MenuButtonVisibilityStatus()[pri:6, instance:com.test.HomePageTest@6cc558c6]" started-at="2026-06-18T15:34:22 IST" name="MenuButtonVisibilityStatus" finished-at="2026-06-18T15:34:22 IST" duration-ms="18" status="PASS">
          <reporter-output>
          </reporter-output>
        </test-method> <!-- MenuButtonVisibilityStatus -->
        <test-method is-config="true" signature="setupPage()[pri:0, instance:com.test.HomePageTest@6cc558c6]" started-at="2026-06-18T15:34:22 IST" name="setupPage" finished-at="2026-06-18T15:34:22 IST" duration-ms="3" status="PASS">
          <reporter-output>
          </reporter-output>
        </test-method> <!-- setupPage -->
        <test-method signature="HideTheMenu()[pri:7, instance:com.test.HomePageTest@6cc558c6]" started-at="2026-06-18T15:34:22 IST" name="HideTheMenu" finished-at="2026-06-18T15:34:22 IST" duration-ms="44" status="PASS">
          <reporter-output>
          </reporter-output>
        </test-method> <!-- HideTheMenu -->
        <test-method is-config="true" signature="setupPage()[pri:0, instance:com.test.HomePageTest@6cc558c6]" started-at="2026-06-18T15:34:22 IST" name="setupPage" finished-at="2026-06-18T15:34:22 IST" duration-ms="7" status="PASS">
          <reporter-output>
          </reporter-output>
        </test-method> <!-- setupPage -->
        <test-method signature="ShowMenu()[pri:8, instance:com.test.HomePageTest@6cc558c6]" started-at="2026-06-18T15:34:22 IST" name="ShowMenu" finished-at="2026-06-18T15:34:22 IST" duration-ms="39" status="PASS">
          <reporter-output>
          </reporter-output>
        </test-method> <!-- ShowMenu -->
      </class> <!-- com.test.HomePageTest -->
      <class name="com.test.AdminPageTest">
        <test-method is-config="true" signature="setupPage()[pri:0, instance:com.test.AdminPageTest@15713d56]" started-at="2026-06-18T15:34:22 IST" name="setupPage" finished-at="2026-06-18T15:34:22 IST" duration-ms="18" status="PASS">
          <reporter-output>
          </reporter-output>
        </test-method> <!-- setupPage -->
        <test-method signature="addUserFlow()[pri:9, instance:com.test.AdminPageTest@15713d56]" started-at="2026-06-18T15:34:22 IST" name="addUserFlow" finished-at="2026-06-18T15:34:52 IST" duration-ms="29229" status="PASS">
          <reporter-output>
          </reporter-output>
        </test-method> <!-- addUserFlow -->
      </class> <!-- com.test.AdminPageTest -->
      <class name="com.test.PIMPageTest">
        <test-method is-config="true" signature="setupPage()[pri:0, instance:com.test.PIMPageTest@63f259c3]" started-at="2026-06-18T15:34:52 IST" name="setupPage" finished-at="2026-06-18T15:34:52 IST" duration-ms="12" status="PASS">
          <reporter-output>
          </reporter-output>
        </test-method> <!-- setupPage -->
        <test-method signature="SearchEmployee()[pri:10, instance:com.test.PIMPageTest@63f259c3]" started-at="2026-06-18T15:34:52 IST" name="SearchEmployee" finished-at="2026-06-18T15:35:33 IST" duration-ms="41312" status="PASS">
          <reporter-output>
          </reporter-output>
        </test-method> <!-- SearchEmployee -->
        <test-method is-config="true" signature="setupPage()[pri:0, instance:com.test.PIMPageTest@63f259c3]" started-at="2026-06-18T15:35:33 IST" name="setupPage" finished-at="2026-06-18T15:35:33 IST" duration-ms="3" status="PASS">
          <reporter-output>
          </reporter-output>
        </test-method> <!-- setupPage -->
        <test-method signature="AddEmployee()[pri:11, instance:com.test.PIMPageTest@63f259c3]" started-at="2026-06-18T15:35:33 IST" name="AddEmployee" finished-at="2026-06-18T15:35:41 IST" duration-ms="8492" status="FAIL">
          <exception class="java.lang.NullPointerException">
            <message>
              <![CDATA[Cannot invoke "com.waits.ExplicitWaitActions.waitForElementToBePresent(org.openqa.selenium.WebElement, String)" because "this.explicitwaitActions" is null]]>
            </message>
            <full-stacktrace>
              <![CDATA[java.lang.NullPointerException: Cannot invoke "com.waits.ExplicitWaitActions.waitForElementToBePresent(org.openqa.selenium.WebElement, String)" because "this.explicitwaitActions" is null
at com.test.PIMPageTest.AddEmployee(PIMPageTest.java:56)
at java.base/jdk.internal.reflect.DirectMethodHandleAccessor.invoke(DirectMethodHandleAccessor.java:103)
at java.base/java.lang.reflect.Method.invoke(Method.java:580)
at org.testng.internal.invokers.MethodInvocationHelper.invokeMethod(MethodInvocationHelper.java:141)
at org.testng.internal.invokers.TestInvoker.invokeMethod(TestInvoker.java:697)
at org.testng.internal.invokers.TestInvoker.invokeTestMethod(TestInvoker.java:230)
at org.testng.internal.invokers.MethodRunner.runInSequence(MethodRunner.java:63)
at org.testng.internal.invokers.TestInvoker$MethodInvocationAgent.invoke(TestInvoker.java:1005)
at org.testng.internal.invokers.TestInvoker.invokeTestMethods(TestInvoker.java:203)
at org.testng.internal.invokers.TestMethodWorker.invokeTestMethods(TestMethodWorker.java:154)
at org.testng.internal.invokers.TestMethodWorker.run(TestMethodWorker.java:134)
at java.base/java.util.ArrayList.forEach(ArrayList.java:1596)
at org.testng.TestRunner.privateRun(TestRunner.java:744)
at org.testng.TestRunner.run(TestRunner.java:616)
at org.testng.SuiteRunner.runTest(SuiteRunner.java:421)
at org.testng.SuiteRunner.runSequentially(SuiteRunner.java:413)
at org.testng.SuiteRunner.privateRun(SuiteRunner.java:373)
at org.testng.SuiteRunner.run(SuiteRunner.java:312)
at org.testng.SuiteRunnerWorker.runSuite(SuiteRunnerWorker.java:52)
at org.testng.SuiteRunnerWorker.run(SuiteRunnerWorker.java:95)
at org.testng.TestNG.runSuitesSequentially(TestNG.java:1274)
at org.testng.TestNG.runSuitesLocally(TestNG.java:1208)
at org.testng.TestNG.runSuites(TestNG.java:1112)
at org.testng.TestNG.run(TestNG.java:1079)
at org.testng.remote.AbstractRemoteTestNG.run(AbstractRemoteTestNG.java:115)
at org.testng.remote.RemoteTestNG.initAndRun(RemoteTestNG.java:293)
at org.testng.remote.RemoteTestNG.main(RemoteTestNG.java:91)
]]>
            </full-stacktrace>
          </exception> <!-- java.lang.NullPointerException -->
          <reporter-output>
          </reporter-output>
        </test-method> <!-- AddEmployee -->
      </class> <!-- com.test.PIMPageTest -->
      <class name="com.test.LoginTest">
        <test-method is-config="true" signature="setUP()[pri:0, instance:com.test.LoginTest@67d18ed7]" started-at="2026-06-18T15:33:55 IST" name="setUP" finished-at="2026-06-18T15:34:04 IST" duration-ms="9208" status="PASS">
          <reporter-output>
          </reporter-output>
        </test-method> <!-- setUP -->
        <test-method signature="loginWithValidUsernameAndValidPassowrd()[pri:0, instance:com.test.LoginTest@67d18ed7]" started-at="2026-06-18T15:34:05 IST" name="loginWithValidUsernameAndValidPassowrd" finished-at="2026-06-18T15:34:18 IST" duration-ms="13128" status="PASS">
          <reporter-output>
          </reporter-output>
        </test-method> <!-- loginWithValidUsernameAndValidPassowrd -->
        <test-method is-config="true" signature="tearDown()[pri:0, instance:com.test.LoginTest@67d18ed7]" started-at="2026-06-18T15:35:42 IST" name="tearDown" finished-at="2026-06-18T15:35:42 IST" duration-ms="128" status="PASS">
          <reporter-output>
          </reporter-output>
        </test-method> <!-- tearDown -->
      </class> <!-- com.test.LoginTest -->
    </test> <!-- Test -->
  </suite> <!-- Suite -->
</testng-results>
