<?xml version="1.0" encoding="UTF-8"?>
<!-- Generated by org.testng.reporters.JUnitReportReporter -->
<testsuite hostname="ip-192-168-0-141.ap-south-1.compute.internal" failures="0" tests="8" name="com.test.HomePageTest" time="4.690" errors="0" timestamp="2026-06-18T15:35:42 IST" skipped="0">
  <testcase classname="com.test.HomePageTest" name="LoginPageRedirection" time="0.013"/>
  <testcase classname="com.test.HomePageTest" name="DashboardTextVisibleOrNot" time="4.462"/>
  <testcase classname="com.test.HomePageTest" name="HelplinkVisibilityStatus" time="0.049"/>
  <testcase classname="com.test.HomePageTest" name="UpgradeButtonStatus" time="0.030"/>
  <testcase classname="com.test.HomePageTest" name="ProfileVisibilityStatus" time="0.017"/>
  <testcase classname="com.test.HomePageTest" name="MenuButtonVisibilityStatus" time="0.021"/>
  <testcase classname="com.test.HomePageTest" name="HideTheMenu" time="0.052"/>
  <testcase classname="com.test.HomePageTest" name="ShowMenu" time="0.046"/>
</testsuite> <!-- com.test.HomePageTest -->
