<?xml version="1.0" encoding="UTF-8"?>
<!-- Generated by org.testng.reporters.JUnitReportReporter -->
<testsuite hostname="ip-192-168-1-105.ap-south-1.compute.internal" failures="0" tests="2" name="Tests.SampleTest" time="0.141" errors="1" timestamp="2026-05-20T00:36:24 IST" skipped="1">
  <testcase classname="Tests.SampleTest" name="setup" time="0.141">
    <error type="java.lang.ExceptionInInitializerError">
      <![CDATA[java.lang.ExceptionInInitializerError
at com.base.BaseTest.setup(BaseTest.java:17)
at java.base/jdk.internal.reflect.DirectMethodHandleAccessor.invoke(DirectMethodHandleAccessor.java:103)
at java.base/java.lang.reflect.Method.invoke(Method.java:580)
at org.testng.internal.invokers.MethodInvocationHelper.invokeMethod(MethodInvocationHelper.java:141)
at org.testng.internal.invokers.MethodInvocationHelper.invokeMethodConsideringTimeout(MethodInvocationHelper.java:71)
at org.testng.internal.invokers.ConfigInvoker.invokeConfigurationMethod(ConfigInvoker.java:400)
at org.testng.internal.invokers.ConfigInvoker.invokeConfigurations(ConfigInvoker.java:333)
at org.testng.SuiteRunner.privateRun(SuiteRunner.java:358)
at org.testng.SuiteRunner.run(SuiteRunner.java:312)
at org.testng.SuiteRunnerWorker.runSuite(SuiteRunnerWorker.java:52)
at org.testng.SuiteRunnerWorker.run(SuiteRunnerWorker.java:95)
at org.testng.TestNG.runSuitesSequentially(TestNG.java:1274)
at org.testng.TestNG.runSuitesLocally(TestNG.java:1208)
at org.testng.TestNG.runSuites(TestNG.java:1112)
at org.testng.TestNG.run(TestNG.java:1079)
at org.testng.remote.AbstractRemoteTestNG.run(AbstractRemoteTestNG.java:115)
at org.testng.remote.RemoteTestNG.initAndRun(RemoteTestNG.java:293)
at org.testng.remote.RemoteTestNG.main(RemoteTestNG.java:91)
Caused by: java.lang.NullPointerException: Cannot invoke "org.openqa.selenium.TakesScreenshot.getScreenshotAs(org.openqa.selenium.OutputType)" because "screenshot" is null
at com.report.ExtentFactory.captureScreenShot(ExtentFactory.java:48)
at com.report.ExtentFactory.failTest(ExtentFactory.java:80)
at com.properties.ConfigLoader.<init>(ConfigLoader.java:26)
at com.properties.ConfigLoader.<clinit>(ConfigLoader.java:38)
... 18 more
]]>
    </error>
  </testcase> <!-- setup -->
  <testcase classname="Tests.SampleTest" name="verifyOrangeHRMTitle" time="0.000">
    <skipped/>
  </testcase> <!-- verifyOrangeHRMTitle -->
</testsuite> <!-- Tests.SampleTest -->
