<?xml version="1.0" encoding="UTF-8"?>
<!-- Generated by org.testng.reporters.JUnitReportReporter -->
<testsuite hostname="ip-10-5-49-33.ap-south-1.compute.internal" failures="0" tests="8" name="com.test.HomePageTest" time="0.457" errors="0" timestamp="2026-06-09T18:38:51 IST" skipped="0">
  <testcase classname="com.test.HomePageTest" name="LoginPageRedirection" time="0.007"/>
  <testcase classname="com.test.HomePageTest" name="DashboardTextVisibleOrNot" time="0.317"/>
  <testcase classname="com.test.HomePageTest" name="HelplinkVisibilityStatus" time="0.018"/>
  <testcase classname="com.test.HomePageTest" name="UpgradeButtonStatus" time="0.013"/>
  <testcase classname="com.test.HomePageTest" name="ProfileVisibilityStatus" time="0.017"/>
  <testcase classname="com.test.HomePageTest" name="MenuButtonVisibilityStatus" time="0.017"/>
  <testcase classname="com.test.HomePageTest" name="HideTheMenu" time="0.035"/>
  <testcase classname="com.test.HomePageTest" name="ShowMenu" time="0.033"/>
</testsuite> <!-- com.test.HomePageTest -->
